<?xml version="1.0" encoding="UTF-8"?>
<!-- Generated by org.testng.reporters.JUnitXMLReporter -->
<testsuite hostname="DESKTOP-81BPFCL" ignored="43" name="Default test" tests="0" failures="0" timestamp="2020-08-02T20:01:04 IST" time="23.973" errors="0">
  <testcase name="FailedNBOrderRequest_DuplicateOrderID_JMSXML" time="0.0" classname="E2ETestCases.dSP.regression">
    <ignored/>
  </testcase> <!-- FailedNBOrderRequest_DuplicateOrderID_JMSXML -->
  <testcase name="FailedOrderexecutionSingleCommand_InvalidInput_XMLDevice" time="0.0" classname="E2ETestCases.dSP.regression">
    <ignored/>
  </testcase> <!-- FailedOrderexecutionSingleCommand_InvalidInput_XMLDevice -->
  <testcase name="FailedNBOrderRequest_InvalidData_RestAsync_JSON" time="0.0" classname="E2ETestCases.dSP.regression">
    <ignored/>
  </testcase> <!-- FailedNBOrderRequest_InvalidData_RestAsync_JSON -->
  <testcase name="FailedNBOrderRequest_SyntaticalErrors_RestAsync_JSON" time="0.0" classname="E2ETestCases.dSP.regression">
    <ignored/>
  </testcase> <!-- FailedNBOrderRequest_SyntaticalErrors_RestAsync_JSON -->
  <testcase name="FailedNBOrderRequest_DuplicateOrderID_RestAsync_JSON" time="0.0" classname="E2ETestCases.dSP.regression">
    <ignored/>
  </testcase> <!-- FailedNBOrderRequest_DuplicateOrderID_RestAsync_JSON -->
  <testcase name="FailedOrderexecutionSingleCommand_InvalidInput_JSONDevice" time="0.0" classname="E2ETestCases.dSP.regression">
    <ignored/>
  </testcase> <!-- FailedOrderexecutionSingleCommand_InvalidInput_JSONDevice -->
  <testcase name="FailedNBOrderRequest_InvalidRequest_RestAsync_JSON" time="0.0" classname="E2ETestCases.dSP.regression">
    <ignored/>
  </testcase> <!-- FailedNBOrderRequest_InvalidRequest_RestAsync_JSON -->
  <testcase name="PastScheduledproperty_NBOrderRequest_RestAsync_JSON" time="0.0" classname="E2ETestCases.dSP.regression">
    <ignored/>
  </testcase> <!-- PastScheduledproperty_NBOrderRequest_RestAsync_JSON -->
  <testcase name="FailedNBOrderRequest_SyntacticalErrors_JMSXML" time="0.0" classname="E2ETestCases.dSP.regression">
    <ignored/>
  </testcase> <!-- FailedNBOrderRequest_SyntacticalErrors_JMSXML -->
  <testcase name="FailedNBOrderRequest_InvalidRequest_JMSJSON_SBDevice_SOAP" time="0.0" classname="E2ETestCases.dSP.regression">
    <ignored/>
  </testcase> <!-- FailedNBOrderRequest_InvalidRequest_JMSJSON_SBDevice_SOAP -->
  <testcase name="SuccessfulNBOrderRequest_RESTASYNCXML" time="0.0" classname="E2ETestCases.dSP.regression">
    <ignored/>
  </testcase> <!-- SuccessfulNBOrderRequest_RESTASYNCXML -->
  <testcase name="FailedNBOrderRequest_IncorrectCommandURL_RestAsync_JSON" time="0.0" classname="E2ETestCases.dSP.regression">
    <ignored/>
  </testcase> <!-- FailedNBOrderRequest_IncorrectCommandURL_RestAsync_JSON -->
  <testcase name="SuccessfulNBOrderRequest_RESTASYNCJSON_SBDevice_SOAP" time="0.0" classname="E2ETestCases.dSP.regression">
    <ignored/>
  </testcase> <!-- SuccessfulNBOrderRequest_RESTASYNCJSON_SBDevice_SOAP -->
  <testcase name="FailedNBOrderRequest_IncorrectProvisioningURL_JMSXML" time="0.0" classname="E2ETestCases.dSP.regression">
    <ignored/>
  </testcase> <!-- FailedNBOrderRequest_IncorrectProvisioningURL_JMSXML -->
  <testcase name="Test1" time="0.0" classname="E2ETestCases.dSP.regression">
    <ignored/>
  </testcase> <!-- Test1 -->
  <testcase name="SuccessfulNBOrderRequest_RESTASYNCJSON" time="0.0" classname="E2ETestCases.dSP.regression">
    <ignored/>
  </testcase> <!-- SuccessfulNBOrderRequest_RESTASYNCJSON -->
  <testcase name="FailedOrderexecutionSingleCommand_InvalidProvisioningURL_XMLDevice" time="0.0" classname="E2ETestCases.dSP.regression">
    <ignored/>
  </testcase> <!-- FailedOrderexecutionSingleCommand_InvalidProvisioningURL_XMLDevice -->
  <testcase name="SuccessfulNBOrderRequest_JMSXML" time="0.0" classname="E2ETestCases.dSP.regression">
    <ignored/>
  </testcase> <!-- SuccessfulNBOrderRequest_JMSXML -->
  <testcase name="SuccessfulOrderexecutionSingleCommand_JSONRequest" time="0.0" classname="E2ETestCases.dSP.regression">
    <ignored/>
  </testcase> <!-- SuccessfulOrderexecutionSingleCommand_JSONRequest -->
  <testcase name="FailedNBOrderRequest_InvalidRequest_JMSXML_SBDevice_SOAP" time="0.0" classname="E2ETestCases.dSP.regression">
    <ignored/>
  </testcase> <!-- FailedNBOrderRequest_InvalidRequest_JMSXML_SBDevice_SOAP -->
  <testcase name="SuccessfulNBOrderRequest_RESTASYNCXML_SBDevice_SOAP" time="0.0" classname="E2ETestCases.dSP.regression">
    <ignored/>
  </testcase> <!-- SuccessfulNBOrderRequest_RESTASYNCXML_SBDevice_SOAP -->
  <testcase name="PastScheduledproperty_NBOrderRequest_RestAsync_XML" time="0.0" classname="E2ETestCases.dSP.regression">
    <ignored/>
  </testcase> <!-- PastScheduledproperty_NBOrderRequest_RestAsync_XML -->
  <testcase name="FailedNBOrderRequest_WithoutOrderID_RestAsync_JSON" time="0.0" classname="E2ETestCases.dSP.regression">
    <ignored/>
  </testcase> <!-- FailedNBOrderRequest_WithoutOrderID_RestAsync_JSON -->
  <testcase name="FailedNBOrderRequest_InvalidRequest_JMSXML" time="0.0" classname="E2ETestCases.dSP.regression">
    <ignored/>
  </testcase> <!-- FailedNBOrderRequest_InvalidRequest_JMSXML -->
  <testcase name="SuccessfulNBOrderRequest_JMSJSON" time="0.0" classname="E2ETestCases.dSP.regression">
    <ignored/>
  </testcase> <!-- SuccessfulNBOrderRequest_JMSJSON -->
  <testcase name="FailedNBOrderRequest_InvalidData_RestAsync_XML" time="0.0" classname="E2ETestCases.dSP.regression">
    <ignored/>
  </testcase> <!-- FailedNBOrderRequest_InvalidData_RestAsync_XML -->
  <testcase name="FailedOrderexecutionSingleCommand_InvalidProvisioningURL_JSONDevice" time="0.0" classname="E2ETestCases.dSP.regression">
    <ignored/>
  </testcase> <!-- FailedOrderexecutionSingleCommand_InvalidProvisioningURL_JSONDevice -->
  <testcase name="Test2" time="0.0" classname="E2ETestCases.dSP.regression">
    <ignored/>
  </testcase> <!-- Test2 -->
  <testcase name="FailedOrderexecutionSingleCommand_InvalidCommandURL_JSONDevice" time="0.0" classname="E2ETestCases.dSP.regression">
    <ignored/>
  </testcase> <!-- FailedOrderexecutionSingleCommand_InvalidCommandURL_JSONDevice -->
  <testcase name="FailedNBOrderRequest_IncorrectProvisioningURL_RestAsync_JSON" time="0.0" classname="E2ETestCases.dSP.regression">
    <ignored/>
  </testcase> <!-- FailedNBOrderRequest_IncorrectProvisioningURL_RestAsync_JSON -->
  <testcase name="FailedNBOrderRequest_SyntaticalErrors_RestAsync_XML" time="0.0" classname="E2ETestCases.dSP.regression">
    <ignored/>
  </testcase> <!-- FailedNBOrderRequest_SyntaticalErrors_RestAsync_XML -->
  <testcase name="FailedNBOrderRequest_SyntaticalErrors_JMSJSON" time="0.0" classname="E2ETestCases.dSP.regression">
    <ignored/>
  </testcase> <!-- FailedNBOrderRequest_SyntaticalErrors_JMSJSON -->
  <testcase name="SuccessfulNBOrderRequest_JMSXML_SBDevice_SOAP" time="0.0" classname="E2ETestCases.dSP.regression">
    <ignored/>
  </testcase> <!-- SuccessfulNBOrderRequest_JMSXML_SBDevice_SOAP -->
  <testcase name="FailedNBOrderRequest_WithoutOrderID_JMSXML" time="0.0" classname="E2ETestCases.dSP.regression">
    <ignored/>
  </testcase> <!-- FailedNBOrderRequest_WithoutOrderID_JMSXML -->
  <testcase name="FailedNBOrderRequest_InvalidRequest_JMSJSON" time="0.0" classname="E2ETestCases.dSP.regression">
    <ignored/>
  </testcase> <!-- FailedNBOrderRequest_InvalidRequest_JMSJSON -->
  <testcase name="FailedNBOrderRequest_InvalidRequest_RestAsync_JSON_SBDevice_SOAP" time="0.0" classname="E2ETestCases.dSP.regression">
    <ignored/>
  </testcase> <!-- FailedNBOrderRequest_InvalidRequest_RestAsync_JSON_SBDevice_SOAP -->
  <testcase name="FailedNBOrderRequest_InvalidData_JMSXML" time="0.0" classname="E2ETestCases.dSP.regression">
    <ignored/>
  </testcase> <!-- FailedNBOrderRequest_InvalidData_JMSXML -->
  <testcase name="FailedNBOrderRequest_InvalidRequest_RestAsync_XML_SBDevice_SOAP" time="0.0" classname="E2ETestCases.dSP.regression">
    <ignored/>
  </testcase> <!-- FailedNBOrderRequest_InvalidRequest_RestAsync_XML_SBDevice_SOAP -->
  <testcase name="FailedNBOrderRequest_IncorrectCommandURL_JMSXML" time="0.0" classname="E2ETestCases.dSP.regression">
    <ignored/>
  </testcase> <!-- FailedNBOrderRequest_IncorrectCommandURL_JMSXML -->
  <testcase name="FailedNBOrderRequest_InvalidData_JMSJSON" time="0.0" classname="E2ETestCases.dSP.regression">
    <ignored/>
  </testcase> <!-- FailedNBOrderRequest_InvalidData_JMSJSON -->
  <testcase name="SuccessfulNBOrderRequest_JMSJSON_SBDevice_SOAP" time="0.0" classname="E2ETestCases.dSP.regression">
    <ignored/>
  </testcase> <!-- SuccessfulNBOrderRequest_JMSJSON_SBDevice_SOAP -->
  <testcase name="FailedNBOrderRequest_InvalidRequest_RestAsync_XML" time="0.0" classname="E2ETestCases.dSP.regression">
    <ignored/>
  </testcase> <!-- FailedNBOrderRequest_InvalidRequest_RestAsync_XML -->
  <testcase name="FailedOrderexecutionSingleCommand_InvalidCommandURL_XMLDevice" time="0.0" classname="E2ETestCases.dSP.regression">
    <ignored/>
  </testcase> <!-- FailedOrderexecutionSingleCommand_InvalidCommandURL_XMLDevice -->
</testsuite> <!-- Default test -->
