<?xml version="1.0" encoding="UTF-8"?>
<!-- Generated by org.testng.reporters.JUnitXMLReporter -->
<testsuite hostname="DESKTOP-81BPFCL" ignored="7" name="Test" tests="3" failures="0" timestamp="2020-07-09T10:36:25 IST" time="241.744" errors="0">
  <testcase name="SuccessfulOrderexecutionSingleCommand_XMLRequest" time="84.081" classname="E2ETestCases.dSP.regression"/>
  <testcase name="FailedOrderexecutionSingleCommand_InvalidInput_JSONDevice" time="47.174" classname="E2ETestCases.dSP.regression"/>
  <testcase name="FailedOrderexecutionSingleCommand_InvalidProvisioningURL_XMLDevice" time="110.089" classname="E2ETestCases.dSP.regression"/>
  <testcase name="FailedOrderexecutionSingleCommand_InvalidInput_XMLDevice" time="0.0" classname="E2ETestCases.dSP.regression">
    <ignored/>
  </testcase> <!-- FailedOrderexecutionSingleCommand_InvalidInput_XMLDevice -->
  <testcase name="Test1" time="0.0" classname="E2ETestCases.dSP.regression">
    <ignored/>
  </testcase> <!-- Test1 -->
  <testcase name="FailedOrderexecutionSingleCommand_InvalidProvisioningURL_JSONDevice" time="0.0" classname="E2ETestCases.dSP.regression">
    <ignored/>
  </testcase> <!-- FailedOrderexecutionSingleCommand_InvalidProvisioningURL_JSONDevice -->
  <testcase name="SuccessfulOrderexecutionSingleCommand_JSONRequest" time="0.0" classname="E2ETestCases.dSP.regression">
    <ignored/>
  </testcase> <!-- SuccessfulOrderexecutionSingleCommand_JSONRequest -->
  <testcase name="Test2" time="0.0" classname="E2ETestCases.dSP.regression">
    <ignored/>
  </testcase> <!-- Test2 -->
  <testcase name="FailedOrderexecutionSingleCommand_InvalidCommandURL_JSONDevice" time="0.0" classname="E2ETestCases.dSP.regression">
    <ignored/>
  </testcase> <!-- FailedOrderexecutionSingleCommand_InvalidCommandURL_JSONDevice -->
  <testcase name="FailedOrderexecutionSingleCommand_InvalidCommandURL_XMLDevice" time="0.0" classname="E2ETestCases.dSP.regression">
    <ignored/>
  </testcase> <!-- FailedOrderexecutionSingleCommand_InvalidCommandURL_XMLDevice -->
</testsuite> <!-- Test -->
